# JRE version: OpenJDK Runtime Environment Corretto-19.0.2.7.1 (19.0.2+7) (build 19.0.2+7-FR)
# Java VM: OpenJDK 64-Bit Server VM Corretto-19.0.2.7.1 (19.0.2+7-FR, mixed mode, sharing, tiered, compressed oops, compressed class ptrs, g1 gc, windows-amd64)
GC Precious Log:
 CardTable entry size: 512
 Card Set container configuration: InlinePtr #cards 4 size 8 Array Of Cards #cards 16 size 48 Howl #buckets 8 coarsen threshold 3686 Howl Bitmap #cards 512 size 80 coarsen threshold 460 Card regions per heap region 1 cards per card region 4096
 CPUs: 4 total, 4 available
 Memory: 16272M
 Large Page Support: Disabled
 NUMA Support: Disabled
 Compressed Oops: Enabled (Zero based)
 Heap Region Size: 2M
 Heap Min Capacity: 8M
 Heap Initial Capacity: 256M
 Heap Max Capacity: 4070M
 Pre-touch: Disabled
 Parallel Workers: 4
 Concurrent Workers: 1
 Concurrent Refinement Workers: 4
 Periodic GC: Disabled
Heap:
 garbage-first heap   total 92160K, used 51754K [0x0000000701a00000, 0x0000000800000000)
  region size 2048K, 17 young (34816K), 1 survivors (2048K)
 Metaspace       used 23788K, committed 24192K, reserved 1114112K
  class space    used 3262K, committed 3456K, reserved 1048576K
GC Heap History (12 events):
Event: 0.266 GC heap before
{Heap before GC invocations=0 (full 0):
 garbage-first heap   total 262144K, used 10240K [0x0000000701a00000, 0x0000000800000000)
  region size 2048K, 6 young (12288K), 0 survivors (0K)
 Metaspace       used 817K, committed 960K, reserved 1114112K
  class space    used 60K, committed 128K, reserved 1048576K
}
Event: 0.269 GC heap after
{Heap after GC invocations=1 (full 0):
 garbage-first heap   total 262144K, used 856K [0x0000000701a00000, 0x0000000800000000)
  region size 2048K, 1 young (2048K), 1 survivors (2048K)
 Metaspace       used 817K, committed 960K, reserved 1114112K
  class space    used 60K, committed 128K, reserved 1048576K
}
Event: 0.466 GC heap before
{Heap before GC invocations=1 (full 0):
 garbage-first heap   total 262144K, used 19288K [0x0000000701a00000, 0x0000000800000000)
  region size 2048K, 11 young (22528K), 1 survivors (2048K)
 Metaspace       used 1023K, committed 1216K, reserved 1114112K
  class space    used 76K, committed 192K, reserved 1048576K
}
Event: 0.468 GC heap after
{Heap after GC invocations=2 (full 0):
 garbage-first heap   total 262144K, used 971K [0x0000000701a00000, 0x0000000800000000)
  region size 2048K, 1 young (2048K), 1 survivors (2048K)
 Metaspace       used 1023K, committed 1216K, reserved 1114112K
  class space    used 76K, committed 192K, reserved 1048576K
}
Event: 3.931 GC heap before
{Heap before GC invocations=2 (full 0):
 garbage-first heap   total 262144K, used 107467K [0x0000000701a00000, 0x0000000800000000)
  region size 2048K, 48 young (98304K), 1 survivors (2048K)
 Metaspace       used 21172K, committed 21504K, reserved 1114112K
  class space    used 3095K, committed 3264K, reserved 1048576K
}
Event: 3.954 GC heap after
{Heap after GC invocations=3 (full 0):
 garbage-first heap   total 262144K, used 17720K [0x0000000701a00000, 0x0000000800000000)
  region size 2048K, 9 young (18432K), 9 survivors (18432K)
 Metaspace       used 21172K, committed 21504K, reserved 1114112K
  class space    used 3095K, committed 3264K, reserved 1048576K
}
Event: 199.004 GC heap before
{Heap before GC invocations=4 (full 0):
 garbage-first heap   total 69632K, used 68920K [0x0000000701a00000, 0x0000000800000000)
  region size 2048K, 33 young (67584K), 9 survivors (18432K)
 Metaspace       used 23493K, committed 23872K, reserved 1114112K
  class space    used 3252K, committed 3456K, reserved 1048576K
}
Event: 199.032 GC heap after
{Heap after GC invocations=5 (full 0):
 garbage-first heap   total 92160K, used 21967K [0x0000000701a00000, 0x0000000800000000)
  region size 2048K, 2 young (4096K), 2 survivors (4096K)
 Metaspace       used 23493K, committed 23872K, reserved 1114112K
  class space    used 3252K, committed 3456K, reserved 1048576K
}
Event: 420.428 GC heap before
{Heap before GC invocations=5 (full 0):
 garbage-first heap   total 92160K, used 60879K [0x0000000701a00000, 0x0000000800000000)
  region size 2048K, 21 young (43008K), 2 survivors (4096K)
 Metaspace       used 23496K, committed 23872K, reserved 1114112K
  class space    used 3252K, committed 3456K, reserved 1048576K
}
Event: 420.432 GC heap after
{Heap after GC invocations=6 (full 0):
 garbage-first heap   total 92160K, used 21145K [0x0000000701a00000, 0x0000000800000000)
  region size 2048K, 1 young (2048K), 1 survivors (2048K)
 Metaspace       used 23496K, committed 23872K, reserved 1114112K
  class space    used 3252K, committed 3456K, reserved 1048576K
}
Event: 678.492 GC heap before
{Heap before GC invocations=6 (full 0):
 garbage-first heap   total 92160K, used 66201K [0x0000000701a00000, 0x0000000800000000)
  region size 2048K, 23 young (47104K), 1 survivors (2048K)
 Metaspace       used 23498K, committed 23872K, reserved 1114112K
  class space    used 3252K, committed 3456K, reserved 1048576K
}
Event: 678.496 GC heap after
{Heap after GC invocations=7 (full 0):
 garbage-first heap   total 92160K, used 21034K [0x0000000701a00000, 0x0000000800000000)
  region size 2048K, 1 young (2048K), 1 survivors (2048K)
 Metaspace       used 23498K, committed 23872K, reserved 1114112K
  class space    used 3252K, committed 3456K, reserved 1048576K
}

